Warning[205] E:\MESTRADO\06 - TESE\02 - FIRMWARE\PIC18 BOOTLOADER\PREPROCESS.INC 174 : Found directive in column 1. (endm)
Warning[203] E:\MESTRADO\06 - TESE\02 - FIRMWARE\PIC18 BOOTLOADER\PIC18 BOOTLOADER.ASM 122 : Found opcode in column 1. (CLRF)
Warning[203] E:\MESTRADO\06 - TESE\02 - FIRMWARE\PIC18 BOOTLOADER\PIC18 BOOTLOADER.ASM 123 : Found opcode in column 1. (CLRF)
Warning[203] E:\MESTRADO\06 - TESE\02 - FIRMWARE\PIC18 BOOTLOADER\PIC18 BOOTLOADER.ASM 124 : Found opcode in column 1. (MOVLW)
Warning[203] E:\MESTRADO\06 - TESE\02 - FIRMWARE\PIC18 BOOTLOADER\PIC18 BOOTLOADER.ASM 125 : Found opcode in column 1. (MOVWF)
Warning[203] E:\MESTRADO\06 - TESE\02 - FIRMWARE\PIC18 BOOTLOADER\PIC18 BOOTLOADER.ASM 126 : Found opcode in column 1. (MOVLB)
Warning[203] E:\MESTRADO\06 - TESE\02 - FIRMWARE\PIC18 BOOTLOADER\PIC18 BOOTLOADER.ASM 127 : Found opcode in column 1. (bsf)
Warning[203] E:\MESTRADO\06 - TESE\02 - FIRMWARE\PIC18 BOOTLOADER\PIC18 BOOTLOADER.ASM 128 : Found opcode in column 1. (bcf)
Warning[203] E:\MESTRADO\06 - TESE\02 - FIRMWARE\PIC18 BOOTLOADER\PREPROCESS.INC 154 : Found opcode in column 1. (bcf)
Warning[203] E:\MESTRADO\06 - TESE\02 - FIRMWARE\PIC18 BOOTLOADER\PREPROCESS.INC 155 : Found opcode in column 1. (clrf)
Warning[203] E:\MESTRADO\06 - TESE\02 - FIRMWARE\PIC18 BOOTLOADER\PREPROCESS.INC 156 : Found opcode in column 1. (clrf)
Warning[203] E:\MESTRADO\06 - TESE\02 - FIRMWARE\PIC18 BOOTLOADER\PREPROCESS.INC 157 : Found opcode in column 1. (movlb)
Warning[203] E:\MESTRADO\06 - TESE\02 - FIRMWARE\PIC18 BOOTLOADER\PREPROCESS.INC 158 : Found opcode in column 1. (movlw)
Warning[203] E:\MESTRADO\06 - TESE\02 - FIRMWARE\PIC18 BOOTLOADER\PREPROCESS.INC 159 : Found opcode in column 1. (movwf)
Warning[203] E:\MESTRADO\06 - TESE\02 - FIRMWARE\PIC18 BOOTLOADER\PREPROCESS.INC 160 : Found opcode in column 1. (movlw)
Warning[203] E:\MESTRADO\06 - TESE\02 - FIRMWARE\PIC18 BOOTLOADER\PREPROCESS.INC 161 : Found opcode in column 1. (movwf)
Warning[203] E:\MESTRADO\06 - TESE\02 - FIRMWARE\PIC18 BOOTLOADER\PREPROCESS.INC 165 : Found opcode in column 1. (CLRF)
Warning[203] E:\MESTRADO\06 - TESE\02 - FIRMWARE\PIC18 BOOTLOADER\PREPROCESS.INC 166 : Found opcode in column 1. (CLRF)
Warning[203] E:\MESTRADO\06 - TESE\02 - FIRMWARE\PIC18 BOOTLOADER\PREPROCESS.INC 167 : Found opcode in column 1. (MOVLW)
Warning[203] E:\MESTRADO\06 - TESE\02 - FIRMWARE\PIC18 BOOTLOADER\PREPROCESS.INC 168 : Found opcode in column 1. (MOVWF)
Warning[203] E:\MESTRADO\06 - TESE\02 - FIRMWARE\PIC18 BOOTLOADER\PREPROCESS.INC 169 : Found opcode in column 1. (MOVLB)
